<?xml version="1.0" encoding="UTF-8"?>
<!-- Generated by org.testng.reporters.JUnitReportReporter -->
<testsuite hostname="DESKTOP-O8G58A3" name="fw.testscripts.TC02" tests="1" failures="0" timestamp="25 Feb 2021 15:35:40 GMT" time="3.931" errors="0">
  <testcase name="tc02" time="3.931" classname="fw.testscripts.TC02"/>
</testsuite> <!-- fw.testscripts.TC02 -->
