<?xml version="1.0" encoding="UTF-8"?>
<!-- Generated by org.testng.reporters.JUnitReportReporter -->
<testsuite hostname="DESKTOP-O8G58A3" name="fw.testscripts.TC01" tests="1" failures="0" timestamp="25 Feb 2021 15:35:40 GMT" time="4.155" errors="0">
  <testcase name="tc01" time="4.155" classname="fw.testscripts.TC01"/>
</testsuite> <!-- fw.testscripts.TC01 -->
